2014-11-13 18:51:40 Warning: Warning (2): unlink(/home/popdev/greatbritishshop/app/tmp/cache/models/cake_model_default_popdev_greatbritishshop_list) [<a href='http://php.net/function.unlink'>function.unlink</a>]: No such file or directory in [/home/popdev/greatbritishshop/cake/libs/file.php, line 294]
2014-11-13 18:51:40 Warning: Warning (2): Cannot modify header information - headers already sent by (output started at /home/popdev/greatbritishshop/cake/libs/debugger.php:673) in [/home/popdev/greatbritishshop/cake/libs/controller/components/request_handler.php, line 759]
2014-11-20 15:18:55 Warning: Warning (2): Cannot modify header information - headers already sent by (output started at /home/popdev/greatbritishshop/cake/basics.php:110) in [/home/popdev/greatbritishshop/app/views/layouts/admin.ctp, line 1]
2014-11-21 15:18:33 Warning: Warning (2): Cannot modify header information - headers already sent by (output started at /home/popdev/greatbritishshop/cake/libs/debugger.php:673) in [/home/popdev/greatbritishshop/cake/libs/controller/components/cookie.php, line 366]
2014-11-21 15:18:34 Warning: Warning (2): Invalid argument supplied for foreach() in [/home/popdev/greatbritishshop/app/controllers/catalog_controller.php, line 721]
2014-11-21 15:18:35 Warning: Warning (2): Cannot modify header information - headers already sent by (output started at /home/popdev/greatbritishshop/cake/libs/debugger.php:673) in [/home/popdev/greatbritishshop/app/views/layouts/default.ctp, line 2]
2014-11-22 09:57:22 Warning: Warning (2): Cannot modify header information - headers already sent by (output started at /home/popdev/greatbritishshop/cake/libs/debugger.php:673) in [/home/popdev/greatbritishshop/cake/libs/controller/components/cookie.php, line 366]
2014-11-22 09:57:22 Warning: Warning (2): Invalid argument supplied for foreach() in [/home/popdev/greatbritishshop/app/controllers/catalog_controller.php, line 721]
2014-11-22 09:57:22 Warning: Warning (2): Cannot modify header information - headers already sent by (output started at /home/popdev/greatbritishshop/cake/libs/debugger.php:673) in [/home/popdev/greatbritishshop/app/views/layouts/default.ctp, line 2]
2014-11-22 11:25:38 Warning: Warning (2): Cannot modify header information - headers already sent by (output started at /home/popdev/greatbritishshop/cake/libs/debugger.php:673) in [/home/popdev/greatbritishshop/cake/libs/controller/components/cookie.php, line 366]
2014-11-22 11:25:38 Warning: Warning (2): Invalid argument supplied for foreach() in [/home/popdev/greatbritishshop/app/controllers/catalog_controller.php, line 721]
2014-11-22 11:25:38 Warning: Warning (2): Cannot modify header information - headers already sent by (output started at /home/popdev/greatbritishshop/cake/libs/debugger.php:673) in [/home/popdev/greatbritishshop/app/views/layouts/default.ctp, line 2]
2014-11-23 10:48:25 Warning: Warning (2): Cannot modify header information - headers already sent by (output started at /home/popdev/greatbritishshop/cake/libs/debugger.php:673) in [/home/popdev/greatbritishshop/cake/libs/controller/components/cookie.php, line 366]
2014-11-23 10:48:25 Warning: Warning (2): Invalid argument supplied for foreach() in [/home/popdev/greatbritishshop/app/controllers/catalog_controller.php, line 721]
2014-11-23 10:48:26 Warning: Warning (2): Cannot modify header information - headers already sent by (output started at /home/popdev/greatbritishshop/cake/libs/debugger.php:673) in [/home/popdev/greatbritishshop/app/views/layouts/default.ctp, line 2]
2014-11-25 05:38:19 Warning: Warning (2): Cannot modify header information - headers already sent by (output started at /home/popdev/greatbritishshop/cake/libs/debugger.php:673) in [/home/popdev/greatbritishshop/cake/libs/controller/components/cookie.php, line 366]
2014-11-25 05:38:20 Warning: Warning (2): Invalid argument supplied for foreach() in [/home/popdev/greatbritishshop/app/controllers/catalog_controller.php, line 721]
2014-11-25 05:38:20 Warning: Warning (2): Cannot modify header information - headers already sent by (output started at /home/popdev/greatbritishshop/cake/libs/debugger.php:673) in [/home/popdev/greatbritishshop/app/views/layouts/default.ctp, line 2]
2014-11-25 09:45:35 Warning: Warning (2): Cannot modify header information - headers already sent by (output started at /home/popdev/greatbritishshop/cake/libs/debugger.php:673) in [/home/popdev/greatbritishshop/cake/libs/controller/components/cookie.php, line 366]
2014-11-25 09:45:35 Warning: Warning (2): Invalid argument supplied for foreach() in [/home/popdev/greatbritishshop/app/controllers/catalog_controller.php, line 721]
2014-11-25 09:45:35 Warning: Warning (2): Cannot modify header information - headers already sent by (output started at /home/popdev/greatbritishshop/cake/libs/debugger.php:673) in [/home/popdev/greatbritishshop/app/views/layouts/default.ctp, line 2]
2014-11-30 13:41:10 Warning: Warning (2): Cannot modify header information - headers already sent by (output started at /home/popdev/greatbritishshop/cake/basics.php:110) in [/home/popdev/greatbritishshop/app/views/layouts/admin.ctp, line 1]
2014-11-30 14:07:32 Warning: Warning (2): Cannot modify header information - headers already sent by (output started at /home/popdev/greatbritishshop/cake/libs/debugger.php:673) in [/home/popdev/greatbritishshop/cake/libs/controller/components/cookie.php, line 366]
2014-11-30 14:07:32 Warning: Warning (2): in_array() expects parameter 2 to be array, null given in [/home/popdev/greatbritishshop/app/controllers/catalog_controller.php, line 627]
2014-11-30 14:07:32 Warning: Warning (2): Cannot modify header information - headers already sent by (output started at /home/popdev/greatbritishshop/cake/libs/debugger.php:673) in [/home/popdev/greatbritishshop/app/views/layouts/default.ctp, line 2]
2014-11-30 14:08:40 Warning: Warning (2): Cannot modify header information - headers already sent by (output started at /home/popdev/greatbritishshop/cake/libs/debugger.php:673) in [/home/popdev/greatbritishshop/cake/libs/controller/components/cookie.php, line 366]
2014-11-30 14:08:40 Warning: Warning (2): in_array() expects parameter 2 to be array, null given in [/home/popdev/greatbritishshop/app/controllers/catalog_controller.php, line 627]
2014-11-30 14:08:40 Warning: Warning (2): Cannot modify header information - headers already sent by (output started at /home/popdev/greatbritishshop/cake/libs/debugger.php:673) in [/home/popdev/greatbritishshop/app/views/layouts/default.ctp, line 2]
2014-12-01 10:58:42 Warning: Warning (2): Cannot modify header information - headers already sent by (output started at /home/popdev/greatbritishshop/cake/libs/debugger.php:673) in [/home/popdev/greatbritishshop/cake/libs/controller/components/cookie.php, line 366]
2014-12-01 10:58:42 Warning: Warning (2): Invalid argument supplied for foreach() in [/home/popdev/greatbritishshop/app/controllers/catalog_controller.php, line 721]
2014-12-01 10:58:43 Warning: Warning (2): Cannot modify header information - headers already sent by (output started at /home/popdev/greatbritishshop/cake/libs/debugger.php:673) in [/home/popdev/greatbritishshop/app/views/layouts/default.ctp, line 2]
2014-12-03 11:06:24 Warning: Warning (2): Cannot modify header information - headers already sent by (output started at /home/popdev/greatbritishshop/cake/libs/debugger.php:673) in [/home/popdev/greatbritishshop/cake/libs/controller/components/cookie.php, line 366]
2014-12-03 11:06:24 Warning: Warning (2): in_array() expects parameter 2 to be array, null given in [/home/popdev/greatbritishshop/app/controllers/catalog_controller.php, line 627]
2014-12-03 11:06:24 Warning: Warning (2): Invalid argument supplied for foreach() in [/home/popdev/greatbritishshop/app/controllers/catalog_controller.php, line 721]
2014-12-03 11:06:24 Warning: Warning (2): Cannot modify header information - headers already sent by (output started at /home/popdev/greatbritishshop/cake/libs/debugger.php:673) in [/home/popdev/greatbritishshop/app/views/layouts/default.ctp, line 2]
2014-12-03 11:06:46 Warning: Warning (2): Cannot modify header information - headers already sent by (output started at /home/popdev/greatbritishshop/cake/libs/debugger.php:673) in [/home/popdev/greatbritishshop/cake/libs/controller/components/cookie.php, line 366]
2014-12-03 11:06:46 Warning: Warning (2): in_array() expects parameter 2 to be array, null given in [/home/popdev/greatbritishshop/app/controllers/catalog_controller.php, line 627]
2014-12-03 11:06:46 Warning: Warning (2): Cannot modify header information - headers already sent by (output started at /home/popdev/greatbritishshop/cake/libs/debugger.php:673) in [/home/popdev/greatbritishshop/cake/libs/controller/components/cookie.php, line 366]
2014-12-03 11:06:46 Warning: Warning (2): in_array() expects parameter 2 to be array, null given in [/home/popdev/greatbritishshop/app/controllers/catalog_controller.php, line 627]
2014-12-03 11:06:46 Warning: Warning (2): Invalid argument supplied for foreach() in [/home/popdev/greatbritishshop/app/controllers/catalog_controller.php, line 721]
2014-12-03 11:06:46 Warning: Warning (2): Invalid argument supplied for foreach() in [/home/popdev/greatbritishshop/app/controllers/catalog_controller.php, line 721]
2014-12-03 11:06:46 Warning: Warning (2): Cannot modify header information - headers already sent by (output started at /home/popdev/greatbritishshop/cake/libs/debugger.php:673) in [/home/popdev/greatbritishshop/app/views/layouts/default.ctp, line 2]
2014-12-03 11:06:46 Warning: Warning (2): Cannot modify header information - headers already sent by (output started at /home/popdev/greatbritishshop/cake/libs/debugger.php:673) in [/home/popdev/greatbritishshop/app/views/layouts/default.ctp, line 2]
2014-12-03 11:23:24 Warning: Warning (2): Cannot modify header information - headers already sent by (output started at /home/popdev/greatbritishshop/cake/libs/debugger.php:673) in [/home/popdev/greatbritishshop/cake/libs/controller/components/cookie.php, line 366]
2014-12-03 11:23:24 Warning: Warning (2): Invalid argument supplied for foreach() in [/home/popdev/greatbritishshop/app/controllers/catalog_controller.php, line 721]
2014-12-03 11:23:24 Warning: Warning (2): Cannot modify header information - headers already sent by (output started at /home/popdev/greatbritishshop/cake/libs/debugger.php:673) in [/home/popdev/greatbritishshop/app/views/layouts/default.ctp, line 2]
2014-12-07 12:51:33 Warning: Warning (512): <span style="color:Red;text-align:left"><b>SQL Error:</b> 2006: MySQL server has gone away</span> in [/home/popdev/greatbritishshop/cake/libs/model/datasources/dbo_source.php, line 684]
2014-12-07 13:01:42 Warning: Warning (2): Cannot modify header information - headers already sent by (output started at /home/popdev/greatbritishshop/cake/basics.php:110) in [/home/popdev/greatbritishshop/app/views/layouts/admin.ctp, line 1]
2014-12-07 13:12:04 Warning: Warning (2): Cannot modify header information - headers already sent by (output started at /home/popdev/greatbritishshop/cake/basics.php:110) in [/home/popdev/greatbritishshop/app/views/layouts/admin.ctp, line 1]
2014-12-08 16:39:34 Warning: Warning (2): Cannot modify header information - headers already sent by (output started at /home/popdev/greatbritishshop/cake/basics.php:110) in [/home/popdev/greatbritishshop/app/views/layouts/admin.ctp, line 1]
2014-12-09 13:18:14 Warning: Warning (2): Cannot modify header information - headers already sent by (output started at /home/popdev/greatbritishshop/cake/basics.php:110) in [/home/popdev/greatbritishshop/app/views/layouts/admin.ctp, line 1]
2014-12-09 13:18:36 Warning: Warning (2): Cannot modify header information - headers already sent by (output started at /home/popdev/greatbritishshop/cake/basics.php:110) in [/home/popdev/greatbritishshop/app/views/layouts/admin.ctp, line 1]
2014-12-09 13:19:02 Warning: Warning (2): Cannot modify header information - headers already sent by (output started at /home/popdev/greatbritishshop/cake/libs/debugger.php:673) in [/home/popdev/greatbritishshop/cake/libs/controller/components/cookie.php, line 366]
2014-12-09 13:19:02 Warning: Warning (2): Cannot modify header information - headers already sent by (output started at /home/popdev/greatbritishshop/cake/libs/debugger.php:673) in [/home/popdev/greatbritishshop/app/views/layouts/default.ctp, line 2]
2014-12-09 14:14:00 Warning: Warning (2): Cannot modify header information - headers already sent by (output started at /home/popdev/greatbritishshop/cake/basics.php:110) in [/home/popdev/greatbritishshop/app/views/layouts/admin.ctp, line 1]
2014-12-12 15:19:52 Warning: Warning (2): Cannot modify header information - headers already sent by (output started at /home/popdev/greatbritishshop/cake/basics.php:110) in [/home/popdev/greatbritishshop/app/views/layouts/admin.ctp, line 1]
2014-12-13 13:46:28 Warning: Warning (2): Cannot modify header information - headers already sent by (output started at /home/popdev/greatbritishshop/cake/basics.php:110) in [/home/popdev/greatbritishshop/app/views/layouts/admin.ctp, line 1]
2014-12-13 14:23:18 Warning: Warning (2): Cannot modify header information - headers already sent by (output started at /home/popdev/greatbritishshop/cake/basics.php:110) in [/home/popdev/greatbritishshop/app/views/layouts/admin.ctp, line 1]
2014-12-26 13:46:20 Warning: Warning (2): Cannot modify header information - headers already sent by (output started at /home/popdev/greatbritishshop/cake/basics.php:110) in [/home/popdev/greatbritishshop/app/views/layouts/admin.ctp, line 1]
2015-01-01 10:57:15 Warning: Warning (2): Cannot modify header information - headers already sent by (output started at /home/popdev/greatbritishshop/cake/libs/debugger.php:673) in [/home/popdev/greatbritishshop/cake/libs/controller/components/cookie.php, line 366]
2015-01-01 10:57:15 Warning: Warning (2): Invalid argument supplied for foreach() in [/home/popdev/greatbritishshop/app/controllers/catalog_controller.php, line 721]
2015-01-01 10:57:16 Warning: Warning (2): Cannot modify header information - headers already sent by (output started at /home/popdev/greatbritishshop/cake/libs/debugger.php:673) in [/home/popdev/greatbritishshop/app/views/layouts/default.ctp, line 2]
2015-01-12 19:04:24 Warning: Warning (2): Cannot modify header information - headers already sent by (output started at /home/popdev/greatbritishshop/cake/basics.php:110) in [/home/popdev/greatbritishshop/app/views/layouts/admin.ctp, line 1]
2015-01-14 14:51:24 Warning: Warning (2): Cannot modify header information - headers already sent by (output started at /home/popdev/greatbritishshop/cake/basics.php:110) in [/home/popdev/greatbritishshop/app/views/layouts/admin.ctp, line 1]
2015-01-15 19:03:59 Warning: Warning (2): Cannot modify header information - headers already sent by (output started at /home/popdev/greatbritishshop/cake/basics.php:110) in [/home/popdev/greatbritishshop/app/views/layouts/admin.ctp, line 1]
2015-01-17 14:48:44 Warning: Warning (2): Cannot modify header information - headers already sent by (output started at /home/popdev/greatbritishshop/cake/libs/debugger.php:673) in [/home/popdev/greatbritishshop/cake/libs/controller/components/cookie.php, line 366]
2015-01-17 14:48:44 Warning: Warning (2): Cannot modify header information - headers already sent by (output started at /home/popdev/greatbritishshop/cake/libs/debugger.php:673) in [/home/popdev/greatbritishshop/app/views/layouts/default.ctp, line 2]
2015-01-17 16:59:03 Warning: Warning (2): Cannot modify header information - headers already sent by (output started at /home/popdev/greatbritishshop/cake/basics.php:110) in [/home/popdev/greatbritishshop/app/views/layouts/admin.ctp, line 1]
2015-01-19 16:42:06 Warning: Warning (2): Cannot modify header information - headers already sent by (output started at /home/popdev/greatbritishshop/cake/basics.php:110) in [/home/popdev/greatbritishshop/app/views/layouts/admin.ctp, line 1]
2015-01-21 13:36:33 Warning: Warning (2): Cannot modify header information - headers already sent by (output started at /home/popdev/greatbritishshop/cake/basics.php:110) in [/home/popdev/greatbritishshop/app/views/layouts/admin.ctp, line 1]
2015-01-21 13:43:21 Warning: Warning (2): Cannot modify header information - headers already sent by (output started at /home/popdev/greatbritishshop/cake/libs/debugger.php:673) in [/home/popdev/greatbritishshop/cake/libs/controller/components/cookie.php, line 366]
2015-01-21 13:43:21 Warning: Warning (2): in_array() expects parameter 2 to be array, null given in [/home/popdev/greatbritishshop/app/controllers/catalog_controller.php, line 627]
2015-01-21 13:43:21 Warning: Warning (2): Cannot modify header information - headers already sent by (output started at /home/popdev/greatbritishshop/cake/libs/debugger.php:673) in [/home/popdev/greatbritishshop/app/views/layouts/default.ctp, line 2]
2015-01-21 13:43:41 Warning: Warning (2): Cannot modify header information - headers already sent by (output started at /home/popdev/greatbritishshop/cake/libs/debugger.php:673) in [/home/popdev/greatbritishshop/cake/libs/controller/components/cookie.php, line 366]
2015-01-21 13:43:41 Warning: Warning (2): in_array() expects parameter 2 to be array, null given in [/home/popdev/greatbritishshop/app/controllers/catalog_controller.php, line 627]
2015-01-21 13:43:41 Warning: Warning (2): Cannot modify header information - headers already sent by (output started at /home/popdev/greatbritishshop/cake/libs/debugger.php:673) in [/home/popdev/greatbritishshop/app/views/layouts/default.ctp, line 2]
2015-01-21 15:24:10 Warning: Warning (2): Cannot modify header information - headers already sent by (output started at /home/popdev/greatbritishshop/cake/libs/debugger.php:673) in [/home/popdev/greatbritishshop/cake/libs/controller/components/cookie.php, line 366]
2015-01-21 15:24:10 Warning: Warning (2): in_array() expects parameter 2 to be array, null given in [/home/popdev/greatbritishshop/app/controllers/catalog_controller.php, line 627]
2015-01-21 15:24:10 Warning: Warning (2): Cannot modify header information - headers already sent by (output started at /home/popdev/greatbritishshop/cake/libs/debugger.php:673) in [/home/popdev/greatbritishshop/app/views/layouts/default.ctp, line 2]
2015-01-23 11:30:49 Warning: Warning (512): <span style="color:Red;text-align:left"><b>SQL Error:</b> 2006: MySQL server has gone away</span> in [/home/popdev/greatbritishshop/cake/libs/model/datasources/dbo_source.php, line 684]
2015-01-23 11:30:49 Warning: Warning (2): Invalid argument supplied for foreach() in [/home/popdev/greatbritishshop/cake/libs/model/datasources/dbo/dbo_mysql.php, line 127]
2015-01-23 11:30:49 Warning: Warning (2): Cannot modify header information - headers already sent by (output started at /home/popdev/greatbritishshop/cake/libs/debugger.php:673) in [/home/popdev/greatbritishshop/cake/libs/controller/components/request_handler.php, line 759]
2015-01-23 11:30:49 Warning: Warning (2): array_keys() expects parameter 1 to be array, boolean given in [/home/popdev/greatbritishshop/cake/libs/model/datasources/dbo_source.php, line 1953]
2015-01-23 11:30:49 Warning: Warning (2): array_keys() expects parameter 1 to be array, boolean given in [/home/popdev/greatbritishshop/cake/libs/model/datasources/dbo_source.php, line 1966]
2015-01-23 11:30:50 Warning: Warning (2): array_filter() expects parameter 1 to be array, null given in [/home/popdev/greatbritishshop/cake/libs/model/datasources/dbo_source.php, line 1970]
2015-01-23 11:30:50 Warning: Warning (2): array_values() expects parameter 1 to be array, null given in [/home/popdev/greatbritishshop/cake/libs/model/datasources/dbo_source.php, line 1970]
2015-01-23 11:30:50 Warning: Warning (2): array_unique() expects parameter 1 to be array, null given in [/home/popdev/greatbritishshop/cake/libs/model/datasources/dbo_source.php, line 2052]
2015-01-23 11:30:50 Warning: Warning (2): array_merge() [<a href='http://php.net/function.array-merge'>function.array-merge</a>]: Argument #2 is not an array in [/home/popdev/greatbritishshop/cake/libs/model/datasources/dbo_source.php, line 1305]
2015-01-23 11:30:50 Warning: Warning (2): Invalid argument supplied for foreach() in [/home/popdev/greatbritishshop/app/models/category/category.php, line 65]
2015-01-23 11:30:50 Warning: Warning (2): Invalid argument supplied for foreach() in [/home/popdev/greatbritishshop/app/app_controller.php, line 431]
2015-01-23 11:30:50 Warning: Warning (2): Invalid argument supplied for foreach() in [/home/popdev/greatbritishshop/app/app_controller.php, line 439]
2015-01-23 11:30:50 Warning: Warning (2): Cannot modify header information - headers already sent by (output started at /home/popdev/greatbritishshop/cake/libs/debugger.php:673) in [/home/popdev/greatbritishshop/cake/libs/controller/controller.php, line 742]
2015-01-23 11:30:50 Warning: Warning (2): Invalid argument supplied for foreach() in [/home/popdev/greatbritishshop/app/models/product/manufacturer.php, line 78]
2015-01-23 11:30:50 Warning: Warning (2): Cannot modify header information - headers already sent by (output started at /home/popdev/greatbritishshop/cake/libs/debugger.php:673) in [/home/popdev/greatbritishshop/app/views/layouts/default.ctp, line 2]
2015-02-11 22:17:44 Warning: Warning (2): Cannot modify header information - headers already sent by (output started at /home/popdev/greatbritishshop/cake/libs/debugger.php:673) in [/home/popdev/greatbritishshop/cake/libs/controller/components/cookie.php, line 366]
2015-02-11 22:17:44 Warning: Warning (2): Invalid argument supplied for foreach() in [/home/popdev/greatbritishshop/app/controllers/catalog_controller.php, line 721]
2015-02-11 22:17:44 Warning: Warning (2): Cannot modify header information - headers already sent by (output started at /home/popdev/greatbritishshop/cake/libs/debugger.php:673) in [/home/popdev/greatbritishshop/app/views/layouts/default.ctp, line 2]
2015-02-12 12:31:28 Warning: Warning (2): Cannot modify header information - headers already sent by (output started at /home/popdev/greatbritishshop/cake/libs/debugger.php:673) in [/home/popdev/greatbritishshop/cake/libs/controller/components/cookie.php, line 366]
2015-02-12 12:31:28 Warning: Warning (2): Cannot modify header information - headers already sent by (output started at /home/popdev/greatbritishshop/cake/libs/debugger.php:673) in [/home/popdev/greatbritishshop/app/views/layouts/default.ctp, line 2]
2015-02-12 13:04:10 Warning: Warning (2): Cannot modify header information - headers already sent by (output started at /home/popdev/greatbritishshop/cake/libs/debugger.php:673) in [/home/popdev/greatbritishshop/cake/libs/controller/components/cookie.php, line 366]
2015-02-12 13:04:10 Warning: Warning (2): Invalid argument supplied for foreach() in [/home/popdev/greatbritishshop/app/controllers/catalog_controller.php, line 721]
2015-02-12 13:04:11 Warning: Warning (2): Cannot modify header information - headers already sent by (output started at /home/popdev/greatbritishshop/cake/libs/debugger.php:673) in [/home/popdev/greatbritishshop/app/views/layouts/default.ctp, line 2]
2015-02-12 14:59:05 Warning: Warning (2): Cannot modify header information - headers already sent by (output started at /home/popdev/greatbritishshop/cake/libs/debugger.php:673) in [/home/popdev/greatbritishshop/cake/libs/controller/components/cookie.php, line 366]
2015-02-12 14:59:05 Warning: Warning (2): Cannot modify header information - headers already sent by (output started at /home/popdev/greatbritishshop/cake/libs/debugger.php:673) in [/home/popdev/greatbritishshop/app/views/layouts/default.ctp, line 2]
2015-02-12 15:26:28 Warning: Warning (2): Cannot modify header information - headers already sent by (output started at /home/popdev/greatbritishshop/cake/libs/debugger.php:673) in [/home/popdev/greatbritishshop/cake/libs/controller/components/cookie.php, line 366]
2015-02-12 15:26:28 Warning: Warning (2): Cannot modify header information - headers already sent by (output started at /home/popdev/greatbritishshop/cake/libs/debugger.php:673) in [/home/popdev/greatbritishshop/app/views/layouts/default.ctp, line 2]
2015-02-12 15:28:26 Warning: Warning (2): Cannot modify header information - headers already sent by (output started at /home/popdev/greatbritishshop/cake/libs/debugger.php:673) in [/home/popdev/greatbritishshop/cake/libs/controller/components/cookie.php, line 366]
2015-02-12 15:28:26 Warning: Warning (2): Cannot modify header information - headers already sent by (output started at /home/popdev/greatbritishshop/cake/libs/debugger.php:673) in [/home/popdev/greatbritishshop/app/views/layouts/default.ctp, line 2]
2015-02-12 16:05:37 Warning: Warning (2): Cannot modify header information - headers already sent by (output started at /home/popdev/greatbritishshop/cake/libs/debugger.php:673) in [/home/popdev/greatbritishshop/cake/libs/controller/components/cookie.php, line 366]
2015-02-12 16:05:37 Warning: Warning (2): Cannot modify header information - headers already sent by (output started at /home/popdev/greatbritishshop/cake/libs/debugger.php:673) in [/home/popdev/greatbritishshop/app/views/layouts/default.ctp, line 2]
2015-02-12 16:06:50 Warning: Warning (2): Cannot modify header information - headers already sent by (output started at /home/popdev/greatbritishshop/cake/libs/debugger.php:673) in [/home/popdev/greatbritishshop/cake/libs/controller/components/cookie.php, line 366]
2015-02-12 16:06:50 Warning: Warning (2): Cannot modify header information - headers already sent by (output started at /home/popdev/greatbritishshop/cake/libs/debugger.php:673) in [/home/popdev/greatbritishshop/app/views/layouts/default.ctp, line 2]
2015-02-12 18:17:21 Warning: Warning (512): <span style="color:Red;text-align:left"><b>SQL Error:</b> 2006: MySQL server has gone away</span> in [/home/popdev/greatbritishshop/cake/libs/model/datasources/dbo_source.php, line 684]
2015-02-12 18:17:23 Warning: Warning (2): Cannot modify header information - headers already sent by (output started at /home/popdev/greatbritishshop/cake/libs/debugger.php:673) in [/home/popdev/greatbritishshop/cake/libs/controller/controller.php, line 742]
2015-02-12 18:24:27 Warning: Warning (2): Cannot modify header information - headers already sent by (output started at /home/popdev/greatbritishshop/cake/libs/debugger.php:673) in [/home/popdev/greatbritishshop/cake/libs/controller/components/cookie.php, line 366]
2015-02-12 18:24:27 Warning: Warning (2): Invalid argument supplied for foreach() in [/home/popdev/greatbritishshop/app/controllers/catalog_controller.php, line 721]
2015-02-12 18:24:27 Warning: Warning (2): Cannot modify header information - headers already sent by (output started at /home/popdev/greatbritishshop/cake/libs/debugger.php:673) in [/home/popdev/greatbritishshop/app/views/layouts/default.ctp, line 2]
2015-02-12 21:31:57 Warning: Warning (2): Cannot modify header information - headers already sent by (output started at /home/popdev/greatbritishshop/cake/basics.php:110) in [/home/popdev/greatbritishshop/app/views/layouts/admin.ctp, line 1]
2015-02-16 11:15:48 Warning: Warning (512): <span style="color:Red;text-align:left"><b>SQL Error:</b> 2006: MySQL server has gone away</span> in [/home/popdev/greatbritishshop/cake/libs/model/datasources/dbo_source.php, line 684]
2015-02-16 11:15:48 Warning: Warning (2): Invalid argument supplied for foreach() in [/home/popdev/greatbritishshop/cake/libs/model/datasources/dbo/dbo_mysql.php, line 127]
2015-02-16 11:15:49 Warning: Warning (2): array_keys() expects parameter 1 to be array, boolean given in [/home/popdev/greatbritishshop/cake/libs/model/datasources/dbo_source.php, line 1953]
2015-02-16 11:15:49 Warning: Warning (2): Invalid argument supplied for foreach() in [/home/popdev/greatbritishshop/app/models/product_option/product_option_stock.php, line 554]
2015-02-16 11:15:49 Warning: Warning (2): Cannot modify header information - headers already sent by (output started at /home/popdev/greatbritishshop/cake/libs/debugger.php:673) in [/home/popdev/greatbritishshop/cake/libs/controller/controller.php, line 742]
2015-02-23 16:58:28 Warning: Warning (2): Cannot modify header information - headers already sent by (output started at /home/popdev/greatbritishshop/cake/libs/debugger.php:673) in [/home/popdev/greatbritishshop/cake/libs/controller/components/cookie.php, line 366]
2015-02-23 16:58:28 Warning: Warning (2): in_array() expects parameter 2 to be array, null given in [/home/popdev/greatbritishshop/app/controllers/catalog_controller.php, line 627]
2015-02-23 16:58:29 Warning: Warning (2): Cannot modify header information - headers already sent by (output started at /home/popdev/greatbritishshop/cake/libs/debugger.php:673) in [/home/popdev/greatbritishshop/app/views/layouts/default.ctp, line 2]
2015-02-23 16:58:47 Warning: Warning (2): Cannot modify header information - headers already sent by (output started at /home/popdev/greatbritishshop/cake/libs/debugger.php:673) in [/home/popdev/greatbritishshop/cake/libs/controller/components/cookie.php, line 366]
2015-02-23 16:58:47 Warning: Warning (2): in_array() expects parameter 2 to be array, null given in [/home/popdev/greatbritishshop/app/controllers/catalog_controller.php, line 627]
2015-02-23 16:58:47 Warning: Warning (2): Cannot modify header information - headers already sent by (output started at /home/popdev/greatbritishshop/cake/libs/debugger.php:673) in [/home/popdev/greatbritishshop/app/views/layouts/default.ctp, line 2]
2015-02-23 17:03:40 Warning: Warning (512): <span style="color:Red;text-align:left"><b>SQL Error:</b> 2006: MySQL server has gone away</span> in [/home/popdev/greatbritishshop/cake/libs/model/datasources/dbo_source.php, line 684]
2015-02-23 17:03:40 Warning: Warning (2): Invalid argument supplied for foreach() in [/home/popdev/greatbritishshop/cake/libs/model/datasources/dbo/dbo_mysql.php, line 127]
2015-03-05 20:26:04 Warning: Warning (2): Cannot modify header information - headers already sent by (output started at /home/thegreat/website_files/cake/libs/object.php:54) in [/home/thegreat/website_files/cake/libs/controller/components/request_handler.php, line 759]
2015-03-05 20:26:04 Warning: Warning (2): Cannot modify header information - headers already sent by (output started at /home/thegreat/website_files/cake/libs/object.php:54) in [/home/thegreat/website_files/app/views/layouts/default.ctp, line 2]
2015-03-05 20:26:05 Warning: Warning (2): Cannot modify header information - headers already sent by (output started at /home/thegreat/website_files/cake/libs/object.php:54) in [/home/thegreat/website_files/cake/libs/controller/components/request_handler.php, line 759]
2015-03-05 20:26:05 Warning: Warning (2): Cannot modify header information - headers already sent by (output started at /home/thegreat/website_files/cake/libs/object.php:54) in [/home/thegreat/website_files/app/views/layouts/default.ctp, line 2]
2015-03-05 20:27:42 Warning: Warning (2): Cannot modify header information - headers already sent by (output started at /home/thegreat/website_files/cake/libs/object.php:54) in [/home/thegreat/website_files/cake/libs/controller/components/request_handler.php, line 759]
2015-03-05 20:27:42 Warning: Warning (2): Cannot modify header information - headers already sent by (output started at /home/thegreat/website_files/cake/libs/object.php:54) in [/home/thegreat/website_files/app/views/layouts/default.ctp, line 2]
2015-03-05 20:27:43 Warning: Warning (2): Cannot modify header information - headers already sent by (output started at /home/thegreat/website_files/cake/libs/object.php:54) in [/home/thegreat/website_files/cake/libs/controller/components/request_handler.php, line 759]
2015-03-05 20:27:43 Warning: Warning (2): Cannot modify header information - headers already sent by (output started at /home/thegreat/website_files/cake/libs/object.php:54) in [/home/thegreat/website_files/app/views/layouts/default.ctp, line 2]
2015-03-15 08:15:09 Warning: Warning (2): Cannot modify header information - headers already sent by (output started at /home/thegreat/website_files/cake/libs/debugger.php:398) in [/home/thegreat/website_files/cake/libs/controller/components/cookie.php, line 366]
2015-03-15 08:15:09 Warning: Warning (2): Cannot modify header information - headers already sent by (output started at /home/thegreat/website_files/cake/libs/debugger.php:398) in [/home/thegreat/website_files/app/views/layouts/default.ctp, line 2]
2015-03-15 09:27:42 Warning: Warning (512): <span style="color:Red;text-align:left"><b>SQL Error:</b> 2006: MySQL server has gone away</span> in [/home/thegreat/website_files/cake/libs/model/datasources/dbo_source.php, line 684]
2015-03-15 09:27:42 Warning: Warning (2): Invalid argument supplied for foreach() in [/home/thegreat/website_files/app/models/category/category.php, line 65]
2015-03-15 09:27:42 Warning: Warning (2): Cannot modify header information - headers already sent by (output started at /home/thegreat/website_files/cake/libs/debugger.php:398) in [/home/thegreat/website_files/cake/libs/controller/controller.php, line 742]
2015-03-15 09:27:49 Warning: Warning (512): <span style="color:Red;text-align:left"><b>SQL Error:</b> 2006: MySQL server has gone away</span> in [/home/thegreat/website_files/cake/libs/model/datasources/dbo_source.php, line 684]
2015-03-15 09:27:49 Warning: Warning (2): Invalid argument supplied for foreach() in [/home/thegreat/website_files/cake/libs/model/datasources/dbo/dbo_mysql.php, line 127]
2015-03-15 09:27:49 Warning: Warning (2): Invalid argument supplied for foreach() in [/home/thegreat/website_files/app/models/category/category.php, line 65]
2015-03-15 09:27:49 Warning: Warning (512): <span style="color:Red;text-align:left"><b>SQL Error:</b> 2006: MySQL server has gone away</span> in [/home/thegreat/website_files/cake/libs/model/datasources/dbo_source.php, line 684]
2015-03-15 09:27:49 Warning: Warning (2): Cannot modify header information - headers already sent by (output started at /home/thegreat/website_files/cake/libs/debugger.php:398) in [/home/thegreat/website_files/cake/libs/controller/controller.php, line 742]
2015-03-15 09:27:49 Warning: Warning (2): Invalid argument supplied for foreach() in [/home/thegreat/website_files/cake/libs/model/datasources/dbo/dbo_mysql.php, line 127]
2015-03-15 09:27:49 Warning: Warning (2): Invalid argument supplied for foreach() in [/home/thegreat/website_files/app/models/category/category.php, line 65]
2015-03-15 09:27:49 Warning: Warning (2): Cannot modify header information - headers already sent by (output started at /home/thegreat/website_files/cake/libs/debugger.php:398) in [/home/thegreat/website_files/cake/libs/controller/controller.php, line 742]
2015-03-16 22:36:58 Warning: Warning (2): getimagesize() [<a href='http://php.net/function.getimagesize'>function.getimagesize</a>]: Filename cannot be empty in [/home/thegreat/website_files/app/views/elements/admin/products/image.ctp, line 5]
2015-03-16 22:37:17 Warning: Warning (2): getimagesize() [<a href='http://php.net/function.getimagesize'>function.getimagesize</a>]: Filename cannot be empty in [/home/thegreat/website_files/app/views/elements/admin/products/image.ctp, line 5]
2015-03-16 22:38:37 Warning: Warning (2): getimagesize() [<a href='http://php.net/function.getimagesize'>function.getimagesize</a>]: Filename cannot be empty in [/home/thegreat/website_files/app/views/elements/admin/products/image.ctp, line 5]
2015-03-26 12:56:51 Warning: Warning (512): <span style="color:Red;text-align:left"><b>SQL Error:</b> 2006: MySQL server has gone away</span> in [/home/thegreat/website_files/cake/libs/model/datasources/dbo_source.php, line 684]
2015-03-26 12:56:51 Warning: Warning (2): Invalid argument supplied for foreach() in [/home/thegreat/website_files/cake/libs/model/datasources/dbo/dbo_mysql.php, line 127]
2015-03-26 12:56:51 Warning: Warning (2): Invalid argument supplied for foreach() in [/home/thegreat/website_files/cake/libs/model/model.php, line 1088]
2015-03-26 12:56:51 Warning: Warning (2): array_keys() expects parameter 1 to be array, boolean given in [/home/thegreat/website_files/cake/libs/model/datasources/dbo_source.php, line 1953]
2015-03-26 12:56:51 Warning: Warning (2): array_keys() expects parameter 1 to be array, boolean given in [/home/thegreat/website_files/cake/libs/model/datasources/dbo_source.php, line 1966]
2015-03-26 12:56:51 Warning: Warning (2): array_filter() expects parameter 1 to be array, null given in [/home/thegreat/website_files/cake/libs/model/datasources/dbo_source.php, line 1970]
2015-03-26 12:56:51 Warning: Warning (2): array_values() expects parameter 1 to be array, null given in [/home/thegreat/website_files/cake/libs/model/datasources/dbo_source.php, line 1970]
2015-03-26 12:56:51 Warning: Warning (2): array_unique() expects parameter 1 to be array, null given in [/home/thegreat/website_files/cake/libs/model/datasources/dbo_source.php, line 2052]
2015-03-26 12:56:51 Warning: Warning (2): array_merge() [<a href='http://php.net/function.array-merge'>function.array-merge</a>]: Argument #1 is not an array in [/home/thegreat/website_files/cake/libs/model/datasources/dbo_source.php, line 1319]
2015-03-26 12:56:51 Warning: Warning (2): array_unique() expects parameter 1 to be array, null given in [/home/thegreat/website_files/cake/libs/model/datasources/dbo_source.php, line 1323]
2015-03-26 12:56:51 Warning: Warning (2): implode() [<a href='http://php.net/function.implode'>function.implode</a>]: Invalid arguments passed in [/home/thegreat/website_files/cake/libs/model/datasources/dbo_source.php, line 1463]
2015-03-26 12:56:51 Warning: Warning (2): Invalid argument supplied for foreach() in [/home/thegreat/website_files/app/models/category/category.php, line 65]
2015-03-26 12:56:51 Warning: Warning (2): array_unique() expects parameter 1 to be array, null given in [/home/thegreat/website_files/cake/libs/model/datasources/dbo_source.php, line 1244]
2015-03-26 12:56:52 Warning: Warning (2): Cannot modify header information - headers already sent by (output started at /home/thegreat/website_files/cake/libs/debugger.php:398) in [/home/thegreat/website_files/cake/libs/controller/controller.php, line 742]
2015-03-26 16:24:15 Warning: Warning (512): <span style="color:Red;text-align:left"><b>SQL Error:</b> 2006: MySQL server has gone away</span> in [/home/thegreat/website_files/cake/libs/model/datasources/dbo_source.php, line 684]
2015-03-26 16:24:15 Warning: Warning (2): Invalid argument supplied for foreach() in [/home/thegreat/website_files/cake/libs/model/datasources/dbo/dbo_mysql.php, line 127]
2015-03-26 16:24:15 Warning: Warning (2): Invalid argument supplied for foreach() in [/home/thegreat/website_files/app/models/category/category.php, line 65]
2015-03-26 16:24:15 Warning: Warning (2): Cannot modify header information - headers already sent by (output started at /home/thegreat/website_files/cake/libs/debugger.php:398) in [/home/thegreat/website_files/cake/libs/controller/controller.php, line 742]
2015-03-28 12:57:23 Warning: Warning (2): Cannot modify header information - headers already sent by (output started at /home/thegreat/website_files/cake/libs/debugger.php:398) in [/home/thegreat/website_files/cake/libs/controller/components/cookie.php, line 366]
2015-03-28 12:57:23 Warning: Warning (2): Cannot modify header information - headers already sent by (output started at /home/thegreat/website_files/cake/libs/debugger.php:398) in [/home/thegreat/website_files/app/views/layouts/default.ctp, line 2]
2015-04-03 08:45:38 Warning: Warning (512): <span style="color:Red;text-align:left"><b>SQL Error:</b> 2006: MySQL server has gone away</span> in [/home/thegreat/website_files/cake/libs/model/datasources/dbo_source.php, line 684]
2015-04-03 08:45:38 Warning: Warning (2): Invalid argument supplied for foreach() in [/home/thegreat/website_files/cake/libs/model/datasources/dbo/dbo_mysql.php, line 127]
2015-04-03 08:45:38 Warning: Warning (2): Invalid argument supplied for foreach() in [/home/thegreat/website_files/app/models/category/category.php, line 65]
2015-04-03 08:45:38 Warning: Warning (512): <span style="color:Red;text-align:left"><b>SQL Error:</b> 2006: MySQL server has gone away</span> in [/home/thegreat/website_files/cake/libs/model/datasources/dbo_source.php, line 684]
2015-04-03 08:45:38 Warning: Warning (2): Invalid argument supplied for foreach() in [/home/thegreat/website_files/cake/libs/model/datasources/dbo/dbo_mysql.php, line 127]
2015-04-03 08:45:38 Warning: Warning (2): Cannot modify header information - headers already sent by (output started at /home/thegreat/website_files/cake/libs/debugger.php:398) in [/home/thegreat/website_files/cake/libs/controller/controller.php, line 742]
2015-04-03 08:45:38 Warning: Warning (2): Invalid argument supplied for foreach() in [/home/thegreat/website_files/app/models/category/category.php, line 65]
2015-04-03 08:45:38 Warning: Warning (512): <span style="color:Red;text-align:left"><b>SQL Error:</b> 2006: MySQL server has gone away</span> in [/home/thegreat/website_files/cake/libs/model/datasources/dbo_source.php, line 684]
2015-04-03 08:45:38 Warning: Warning (2): Invalid argument supplied for foreach() in [/home/thegreat/website_files/cake/libs/model/datasources/dbo/dbo_mysql.php, line 127]
2015-04-03 08:45:38 Warning: Warning (2): Cannot modify header information - headers already sent by (output started at /home/thegreat/website_files/cake/libs/debugger.php:398) in [/home/thegreat/website_files/cake/libs/controller/controller.php, line 742]
2015-04-03 08:45:38 Warning: Warning (2): Invalid argument supplied for foreach() in [/home/thegreat/website_files/app/models/category/category.php, line 65]
2015-04-03 08:45:38 Warning: Warning (2): Cannot modify header information - headers already sent by (output started at /home/thegreat/website_files/cake/libs/debugger.php:398) in [/home/thegreat/website_files/cake/libs/controller/controller.php, line 742]
2015-04-03 12:26:41 Warning: Warning (2): Cannot modify header information - headers already sent by (output started at /home/thegreat/website_files/cake/libs/debugger.php:398) in [/home/thegreat/website_files/cake/libs/controller/components/cookie.php, line 366]
2015-04-03 12:26:41 Warning: Warning (2): in_array() expects parameter 2 to be array, null given in [/home/thegreat/website_files/app/controllers/catalog_controller.php, line 627]
2015-04-03 12:26:42 Warning: Warning (2): Invalid argument supplied for foreach() in [/home/thegreat/website_files/app/controllers/catalog_controller.php, line 721]
2015-04-03 12:26:42 Warning: Warning (2): Cannot modify header information - headers already sent by (output started at /home/thegreat/website_files/cake/libs/debugger.php:398) in [/home/thegreat/website_files/app/views/layouts/default.ctp, line 2]
2015-04-03 13:02:51 Warning: Warning (2): Cannot modify header information - headers already sent by (output started at /home/thegreat/website_files/cake/libs/debugger.php:398) in [/home/thegreat/website_files/cake/libs/controller/components/cookie.php, line 366]
2015-04-03 13:02:51 Warning: Warning (2): in_array() expects parameter 2 to be array, null given in [/home/thegreat/website_files/app/controllers/catalog_controller.php, line 627]
2015-04-03 13:02:51 Warning: Warning (2): Invalid argument supplied for foreach() in [/home/thegreat/website_files/app/controllers/catalog_controller.php, line 721]
2015-04-03 13:02:51 Warning: Warning (2): Cannot modify header information - headers already sent by (output started at /home/thegreat/website_files/cake/libs/debugger.php:398) in [/home/thegreat/website_files/app/views/layouts/default.ctp, line 2]
2015-04-04 10:10:59 Warning: Warning (512): <span style="color:Red;text-align:left"><b>SQL Error:</b> 2006: MySQL server has gone away</span> in [/home/thegreat/website_files/cake/libs/model/datasources/dbo_source.php, line 684]
2015-04-04 10:10:59 Warning: Warning (2): Invalid argument supplied for foreach() in [/home/thegreat/website_files/cake/libs/model/datasources/dbo/dbo_mysql.php, line 127]
2015-04-04 10:10:59 Warning: Warning (2): Invalid argument supplied for foreach() in [/home/thegreat/website_files/app/models/category/category.php, line 65]
2015-04-04 10:10:59 Warning: Warning (2): Cannot modify header information - headers already sent by (output started at /home/thegreat/website_files/cake/libs/debugger.php:398) in [/home/thegreat/website_files/cake/libs/controller/controller.php, line 742]
2015-04-04 10:54:20 Warning: Warning (512): <span style="color:Red;text-align:left"><b>SQL Error:</b> 2006: MySQL server has gone away</span> in [/home/thegreat/website_files/cake/libs/model/datasources/dbo_source.php, line 684]
2015-04-04 10:54:20 Warning: Warning (2): Invalid argument supplied for foreach() in [/home/thegreat/website_files/cake/libs/model/datasources/dbo/dbo_mysql.php, line 127]
2015-04-04 10:54:20 Warning: Warning (2): Invalid argument supplied for foreach() in [/home/thegreat/website_files/app/models/category/category.php, line 65]
2015-04-04 10:54:20 Warning: Warning (2): Cannot modify header information - headers already sent by (output started at /home/thegreat/website_files/cake/libs/debugger.php:398) in [/home/thegreat/website_files/cake/libs/controller/controller.php, line 742]
2015-04-04 11:08:16 Warning: Warning (512): <span style="color:Red;text-align:left"><b>SQL Error:</b> 2006: MySQL server has gone away</span> in [/home/thegreat/website_files/cake/libs/model/datasources/dbo_source.php, line 684]
2015-04-04 11:08:16 Warning: Warning (2): Invalid argument supplied for foreach() in [/home/thegreat/website_files/cake/libs/model/datasources/dbo/dbo_mysql.php, line 127]
2015-04-04 11:08:16 Warning: Warning (2): array_keys() expects parameter 1 to be array, boolean given in [/home/thegreat/website_files/cake/libs/model/datasources/dbo_source.php, line 1953]
2015-04-04 11:08:16 Warning: Warning (2): array_keys() expects parameter 1 to be array, boolean given in [/home/thegreat/website_files/cake/libs/model/datasources/dbo_source.php, line 1966]
2015-04-04 11:08:16 Warning: Warning (2): array_filter() expects parameter 1 to be array, null given in [/home/thegreat/website_files/cake/libs/model/datasources/dbo_source.php, line 1970]
2015-04-04 11:08:16 Warning: Warning (2): array_values() expects parameter 1 to be array, null given in [/home/thegreat/website_files/cake/libs/model/datasources/dbo_source.php, line 1970]
2015-04-04 11:08:16 Warning: Warning (2): array_unique() expects parameter 1 to be array, null given in [/home/thegreat/website_files/cake/libs/model/datasources/dbo_source.php, line 2052]
2015-04-04 11:08:16 Warning: Warning (2): array_merge() [<a href='http://php.net/function.array-merge'>function.array-merge</a>]: Argument #2 is not an array in [/home/thegreat/website_files/cake/libs/model/datasources/dbo_source.php, line 1305]
2015-04-04 11:08:16 Warning: Warning (2): Invalid argument supplied for foreach() in [/home/thegreat/website_files/app/models/category/category.php, line 65]
2015-04-04 11:08:16 Warning: Warning (2): Invalid argument supplied for foreach() in [/home/thegreat/website_files/cake/libs/model/model.php, line 2334]
2015-04-04 11:08:16 Warning: Warning (2): Cannot modify header information - headers already sent by (output started at /home/thegreat/website_files/cake/libs/debugger.php:398) in [/home/thegreat/website_files/cake/libs/controller/components/request_handler.php, line 759]
2015-04-04 11:08:17 Warning: Warning (2): Invalid argument supplied for foreach() in [/home/thegreat/website_files/app/app_controller.php, line 431]
2015-04-04 11:08:17 Warning: Warning (2): Invalid argument supplied for foreach() in [/home/thegreat/website_files/app/app_controller.php, line 439]
2015-04-04 11:08:17 Warning: Warning (2): Cannot modify header information - headers already sent by (output started at /home/thegreat/website_files/cake/libs/debugger.php:398) in [/home/thegreat/website_files/cake/libs/controller/controller.php, line 742]
2015-04-04 11:08:17 Warning: Warning (2): Invalid argument supplied for foreach() in [/home/thegreat/website_files/app/models/product/manufacturer.php, line 78]
2015-04-04 11:08:17 Warning: Warning (2): Cannot modify header information - headers already sent by (output started at /home/thegreat/website_files/cake/libs/debugger.php:398) in [/home/thegreat/website_files/app/views/layouts/default.ctp, line 2]
2015-04-04 11:08:17 Warning: Warning (2): Cannot modify header information - headers already sent by (output started at /home/thegreat/website_files/cake/libs/debugger.php:398) in [/home/thegreat/website_files/app/views/layouts/default.ctp, line 2]
2015-04-04 11:08:17 Warning: Warning (2): Cannot modify header information - headers already sent by (output started at /home/thegreat/website_files/cake/libs/debugger.php:398) in [/home/thegreat/website_files/app/views/layouts/default.ctp, line 2]
2015-04-04 11:08:49 Warning: Warning (2): Cannot modify header information - headers already sent by (output started at /home/thegreat/website_files/cake/libs/debugger.php:398) in [/home/thegreat/website_files/app/views/layouts/default.ctp, line 2]
2015-04-08 14:50:35 Warning: Warning (2): Cannot modify header information - headers already sent by (output started at /home/thegreat/website_files/cake/libs/debugger.php:398) in [/home/thegreat/website_files/app/views/layouts/admin.ctp, line 1]
2015-04-08 14:50:54 Warning: Warning (2): Cannot modify header information - headers already sent by (output started at /home/thegreat/website_files/cake/libs/debugger.php:398) in [/home/thegreat/website_files/app/views/layouts/admin.ctp, line 1]
2015-04-08 14:51:08 Warning: Warning (2): Cannot modify header information - headers already sent by (output started at /home/thegreat/website_files/cake/libs/debugger.php:398) in [/home/thegreat/website_files/app/views/layouts/default.ctp, line 2]
2015-04-08 14:51:53 Warning: Warning (2): Cannot modify header information - headers already sent by (output started at /home/thegreat/website_files/cake/libs/debugger.php:398) in [/home/thegreat/website_files/cake/libs/controller/controller.php, line 742]
2015-04-08 14:52:19 Warning: Warning (2): Cannot modify header information - headers already sent by (output started at /home/thegreat/website_files/cake/libs/debugger.php:398) in [/home/thegreat/website_files/app/views/layouts/default.ctp, line 2]
2015-04-08 14:52:26 Warning: Warning (2): Cannot modify header information - headers already sent by (output started at /home/thegreat/website_files/cake/libs/debugger.php:398) in [/home/thegreat/website_files/app/views/layouts/default.ctp, line 2]
2015-04-08 14:52:41 Warning: Warning (2): Cannot modify header information - headers already sent by (output started at /home/thegreat/website_files/cake/libs/debugger.php:398) in [/home/thegreat/website_files/app/views/layouts/default.ctp, line 2]
2015-04-08 14:52:50 Warning: Warning (2): Cannot modify header information - headers already sent by (output started at /home/thegreat/website_files/cake/libs/debugger.php:398) in [/home/thegreat/website_files/app/views/layouts/default.ctp, line 2]
2015-04-08 14:53:41 Warning: Warning (2): Cannot modify header information - headers already sent by (output started at /home/thegreat/website_files/cake/libs/debugger.php:398) in [/home/thegreat/website_files/app/views/layouts/admin.ctp, line 1]
2015-04-08 14:53:54 Warning: Warning (2): Cannot modify header information - headers already sent by (output started at /home/thegreat/website_files/cake/libs/debugger.php:398) in [/home/thegreat/website_files/app/views/layouts/admin.ctp, line 1]
2015-04-08 14:53:59 Warning: Warning (2): Cannot modify header information - headers already sent by (output started at /home/thegreat/website_files/cake/libs/debugger.php:398) in [/home/thegreat/website_files/app/views/layouts/admin.ctp, line 1]
2015-04-09 12:37:42 Warning: Warning (2): Cannot modify header information - headers already sent by (output started at /home/thegreat/website_files/cake/libs/debugger.php:398) in [/home/thegreat/website_files/app/views/layouts/admin.ctp, line 1]
2015-04-09 12:38:25 Warning: Warning (2): Cannot modify header information - headers already sent by (output started at /home/thegreat/website_files/cake/libs/debugger.php:398) in [/home/thegreat/website_files/app/views/layouts/admin.ctp, line 1]
2015-04-09 13:01:39 Warning: Warning (2): Cannot modify header information - headers already sent by (output started at /home/thegreat/website_files/cake/libs/debugger.php:398) in [/home/thegreat/website_files/app/views/layouts/admin.ctp, line 1]
2015-04-09 13:02:13 Warning: Warning (2): Cannot modify header information - headers already sent by (output started at /home/thegreat/website_files/cake/libs/debugger.php:398) in [/home/thegreat/website_files/app/views/layouts/admin.ctp, line 1]
2015-04-09 13:14:18 Warning: Warning (2): Cannot modify header information - headers already sent by (output started at /home/thegreat/website_files/cake/libs/debugger.php:398) in [/home/thegreat/website_files/app/views/layouts/default.ctp, line 2]
2015-04-09 13:14:39 Warning: Warning (2): Cannot modify header information - headers already sent by (output started at /home/thegreat/website_files/cake/libs/debugger.php:398) in [/home/thegreat/website_files/app/views/layouts/admin.ctp, line 1]
2015-04-09 13:24:46 Warning: Warning (2): Cannot modify header information - headers already sent by (output started at /home/thegreat/website_files/cake/libs/debugger.php:398) in [/home/thegreat/website_files/app/views/layouts/default.ctp, line 2]
2015-04-09 13:25:19 Warning: Warning (2): Cannot modify header information - headers already sent by (output started at /home/thegreat/website_files/cake/libs/debugger.php:398) in [/home/thegreat/website_files/app/views/layouts/default.ctp, line 2]
2015-04-09 13:25:29 Warning: Warning (2): Cannot modify header information - headers already sent by (output started at /home/thegreat/website_files/cake/libs/debugger.php:398) in [/home/thegreat/website_files/app/views/layouts/default.ctp, line 2]
2015-04-09 13:26:25 Warning: Warning (2): Cannot modify header information - headers already sent by (output started at /home/thegreat/website_files/cake/libs/debugger.php:398) in [/home/thegreat/website_files/app/views/layouts/default.ctp, line 2]
2015-04-09 13:27:17 Warning: Warning (2): Cannot modify header information - headers already sent by (output started at /home/thegreat/website_files/cake/libs/debugger.php:398) in [/home/thegreat/website_files/app/views/layouts/admin.ctp, line 1]
2015-04-09 13:28:16 Warning: Warning (2): Cannot modify header information - headers already sent by (output started at /home/thegreat/website_files/cake/libs/debugger.php:398) in [/home/thegreat/website_files/app/views/layouts/admin.ctp, line 1]
2015-04-09 13:28:29 Warning: Warning (2): Cannot modify header information - headers already sent by (output started at /home/thegreat/website_files/cake/libs/debugger.php:398) in [/home/thegreat/website_files/app/views/layouts/admin.ctp, line 1]
2015-04-09 20:35:08 Warning: Warning (512): <span style="color:Red;text-align:left"><b>SQL Error:</b> 2006: MySQL server has gone away</span> in [/home/thegreat/website_files/cake/libs/model/datasources/dbo_source.php, line 684]
2015-04-09 20:35:08 Warning: Warning (2): Invalid argument supplied for foreach() in [/home/thegreat/website_files/cake/libs/model/datasources/dbo/dbo_mysql.php, line 127]
2015-04-09 20:35:08 Warning: Warning (2): Invalid argument supplied for foreach() in [/home/thegreat/website_files/app/models/category/category.php, line 65]
2015-04-09 20:35:08 Warning: Warning (2): Cannot modify header information - headers already sent by (output started at /home/thegreat/website_files/cake/libs/debugger.php:398) in [/home/thegreat/website_files/cake/libs/controller/controller.php, line 742]
2015-04-24 12:10:21 Warning: Warning (2): Cannot modify header information - headers already sent by (output started at /home/thegreat/website_files/cake/libs/debugger.php:398) in [/home/thegreat/website_files/cake/libs/controller/components/cookie.php, line 366]
2015-04-24 12:10:21 Warning: Warning (2): Cannot modify header information - headers already sent by (output started at /home/thegreat/website_files/cake/libs/debugger.php:398) in [/home/thegreat/website_files/app/views/layouts/default.ctp, line 2]
2015-04-24 12:13:49 Warning: Warning (2): Cannot modify header information - headers already sent by (output started at /home/thegreat/website_files/cake/libs/debugger.php:398) in [/home/thegreat/website_files/cake/libs/controller/components/cookie.php, line 366]
2015-04-24 12:13:49 Warning: Warning (2): in_array() expects parameter 2 to be array, null given in [/home/thegreat/website_files/app/controllers/catalog_controller.php, line 627]
2015-04-24 12:13:49 Warning: Warning (2): Cannot modify header information - headers already sent by (output started at /home/thegreat/website_files/cake/libs/debugger.php:398) in [/home/thegreat/website_files/app/views/layouts/default.ctp, line 2]
2015-05-16 15:44:47 Warning: Warning (2): Cannot modify header information - headers already sent by (output started at /home/thegreat/website_files/cake/libs/debugger.php:398) in [/home/thegreat/website_files/cake/libs/controller/components/cookie.php, line 366]
2015-05-16 15:44:47 Warning: Warning (2): Invalid argument supplied for foreach() in [/home/thegreat/website_files/app/controllers/catalog_controller.php, line 721]
2015-05-16 15:44:48 Warning: Warning (2): Cannot modify header information - headers already sent by (output started at /home/thegreat/website_files/cake/libs/debugger.php:398) in [/home/thegreat/website_files/app/views/layouts/default.ctp, line 2]
2015-06-23 10:10:24 Warning: Warning (2): Cannot modify header information - headers already sent by (output started at /home/thegreat/website_files/cake/libs/debugger.php:398) in [/home/thegreat/website_files/cake/libs/controller/components/cookie.php, line 366]
2015-06-23 10:10:24 Warning: Warning (2): Cannot modify header information - headers already sent by (output started at /home/thegreat/website_files/cake/libs/debugger.php:398) in [/home/thegreat/website_files/app/views/layouts/default.ctp, line 2]
2015-06-23 11:51:36 Warning: Warning (2): Cannot modify header information - headers already sent by (output started at /home/thegreat/website_files/cake/basics.php:110) in [/home/thegreat/website_files/app/views/layouts/admin.ctp, line 1]
2015-06-24 09:49:17 Warning: Warning (2): Cannot modify header information - headers already sent by (output started at /home/thegreat/website_files/cake/basics.php:110) in [/home/thegreat/website_files/app/views/layouts/admin.ctp, line 1]
2015-06-24 09:49:34 Warning: Warning (2): Cannot modify header information - headers already sent by (output started at /home/thegreat/website_files/cake/basics.php:110) in [/home/thegreat/website_files/app/views/layouts/admin.ctp, line 1]
2015-07-06 14:29:32 Warning: Warning (2): Cannot modify header information - headers already sent by (output started at /home/thegreat/website_files/cake/libs/debugger.php:398) in [/home/thegreat/website_files/cake/libs/controller/components/cookie.php, line 366]
2015-07-06 14:29:32 Warning: Warning (2): Invalid argument supplied for foreach() in [/home/thegreat/website_files/app/controllers/catalog_controller.php, line 721]
2015-07-06 14:29:32 Warning: Warning (2): Cannot modify header information - headers already sent by (output started at /home/thegreat/website_files/cake/libs/debugger.php:398) in [/home/thegreat/website_files/app/views/layouts/default.ctp, line 2]
2015-07-12 15:25:46 Warning: Warning (2): Cannot modify header information - headers already sent by (output started at /home/thegreat/website_files/cake/basics.php:110) in [/home/thegreat/website_files/app/views/layouts/admin.ctp, line 1]
2015-07-14 14:43:02 Warning: Warning (2): Cannot modify header information - headers already sent by (output started at /home/thegreat/website_files/cake/libs/debugger.php:398) in [/home/thegreat/website_files/cake/libs/controller/components/cookie.php, line 366]
2015-07-14 14:43:02 Warning: Warning (2): in_array() expects parameter 2 to be array, null given in [/home/thegreat/website_files/app/controllers/catalog_controller.php, line 627]
2015-07-14 14:43:02 Warning: Warning (2): Cannot modify header information - headers already sent by (output started at /home/thegreat/website_files/cake/libs/debugger.php:398) in [/home/thegreat/website_files/app/views/layouts/default.ctp, line 2]
2015-07-17 11:55:12 Warning: Warning (2): Cannot modify header information - headers already sent by (output started at /home/thegreat/website_files/cake/basics.php:110) in [/home/thegreat/website_files/app/views/layouts/admin.ctp, line 1]
2015-07-25 16:24:32 Warning: Warning (2): Cannot modify header information - headers already sent by (output started at /home/thegreat/website_files/cake/basics.php:110) in [/home/thegreat/website_files/app/views/layouts/admin.ctp, line 1]
2015-08-19 14:54:23 Warning: Warning (2): Cannot modify header information - headers already sent by (output started at /home/thegreat/website_files/cake/basics.php:110) in [/home/thegreat/website_files/app/views/layouts/admin.ctp, line 1]
2015-08-20 10:00:16 Warning: Warning (2): Cannot modify header information - headers already sent by (output started at /home/thegreat/website_files/cake/basics.php:110) in [/home/thegreat/website_files/app/views/layouts/admin.ctp, line 1]
2015-08-20 11:38:35 Warning: Warning (2): Cannot modify header information - headers already sent by (output started at /home/thegreat/website_files/cake/basics.php:110) in [/home/thegreat/website_files/app/views/layouts/admin.ctp, line 1]
2015-08-20 11:40:35 Warning: Warning (2): Cannot modify header information - headers already sent by (output started at /home/thegreat/website_files/cake/basics.php:110) in [/home/thegreat/website_files/app/views/layouts/admin.ctp, line 1]
2015-08-20 12:01:47 Warning: Warning (2): Cannot modify header information - headers already sent by (output started at /home/thegreat/website_files/cake/basics.php:110) in [/home/thegreat/website_files/app/views/layouts/admin.ctp, line 1]
2015-08-20 12:04:21 Warning: Warning (2): Cannot modify header information - headers already sent by (output started at /home/thegreat/website_files/cake/basics.php:110) in [/home/thegreat/website_files/app/views/layouts/admin.ctp, line 1]
2015-08-20 12:04:39 Warning: Warning (2): Cannot modify header information - headers already sent by (output started at /home/thegreat/website_files/cake/basics.php:110) in [/home/thegreat/website_files/app/views/layouts/admin.ctp, line 1]
2015-08-20 13:33:32 Warning: Warning (2): Cannot modify header information - headers already sent by (output started at /home/thegreat/website_files/cake/basics.php:110) in [/home/thegreat/website_files/app/views/layouts/admin.ctp, line 1]
2015-08-20 13:33:42 Warning: Warning (2): Cannot modify header information - headers already sent by (output started at /home/thegreat/website_files/cake/basics.php:110) in [/home/thegreat/website_files/app/views/layouts/admin.ctp, line 1]
2015-08-22 14:44:00 Warning: Warning (2): Cannot modify header information - headers already sent by (output started at /home/thegreat/website_files/cake/basics.php:110) in [/home/thegreat/website_files/app/views/layouts/admin.ctp, line 1]
2015-08-23 10:30:46 Warning: Warning (2): Cannot modify header information - headers already sent by (output started at /home/thegreat/website_files/cake/libs/debugger.php:398) in [/home/thegreat/website_files/cake/libs/controller/components/cookie.php, line 366]
2015-08-23 10:30:46 Warning: Warning (2): Invalid argument supplied for foreach() in [/home/thegreat/website_files/app/controllers/catalog_controller.php, line 721]
2015-08-23 10:30:46 Warning: Warning (2): Cannot modify header information - headers already sent by (output started at /home/thegreat/website_files/cake/libs/debugger.php:398) in [/home/thegreat/website_files/app/views/layouts/default.ctp, line 2]
2015-08-26 10:49:16 Warning: Warning (2): Cannot modify header information - headers already sent by (output started at /home/thegreat/website_files/cake/basics.php:110) in [/home/thegreat/website_files/app/views/layouts/admin.ctp, line 1]
2015-08-26 10:49:41 Warning: Warning (2): Cannot modify header information - headers already sent by (output started at /home/thegreat/website_files/cake/basics.php:110) in [/home/thegreat/website_files/app/views/layouts/admin.ctp, line 1]
2015-08-26 12:27:29 Warning: Warning (2): Cannot modify header information - headers already sent by (output started at /home/thegreat/website_files/cake/basics.php:110) in [/home/thegreat/website_files/app/views/layouts/admin.ctp, line 1]
2015-08-26 12:28:58 Warning: Warning (2): Cannot modify header information - headers already sent by (output started at /home/thegreat/website_files/cake/basics.php:110) in [/home/thegreat/website_files/app/views/layouts/admin.ctp, line 1]
2015-08-26 15:10:09 Warning: Warning (2): explode() expects parameter 2 to be string, array given in [/home/thegreat/website_files/app/models/product/product.php, line 731]
2015-08-26 15:10:09 Warning: Warning (2): Invalid argument supplied for foreach() in [/home/thegreat/website_files/app/models/product/product.php, line 741]
2015-08-26 15:10:11 Warning: Warning (2): Cannot modify header information - headers already sent by (output started at /home/thegreat/website_files/cake/libs/debugger.php:429) in [/home/thegreat/website_files/cake/libs/controller/controller.php, line 742]
2015-08-26 20:36:29 Warning: Warning (2): Cannot modify header information - headers already sent by (output started at /home/thegreat/website_files/cake/libs/debugger.php:398) in [/home/thegreat/website_files/cake/libs/controller/components/cookie.php, line 366]
2015-08-26 20:36:29 Warning: Warning (2): Invalid argument supplied for foreach() in [/home/thegreat/website_files/app/controllers/catalog_controller.php, line 721]
2015-08-26 20:36:29 Warning: Warning (2): Cannot modify header information - headers already sent by (output started at /home/thegreat/website_files/cake/libs/debugger.php:398) in [/home/thegreat/website_files/app/views/layouts/default.ctp, line 2]
2015-08-27 12:16:09 Warning: Warning (512): <span style="color:Red;text-align:left"><b>SQL Error:</b> 2006: MySQL server has gone away</span> in [/home/thegreat/website_files/cake/libs/model/datasources/dbo_source.php, line 684]
2015-08-27 12:16:09 Warning: Warning (2): Invalid argument supplied for foreach() in [/home/thegreat/website_files/cake/libs/model/datasources/dbo/dbo_mysql.php, line 127]
2015-08-27 12:16:09 Warning: Warning (2): Invalid argument supplied for foreach() in [/home/thegreat/website_files/cake/libs/model/model.php, line 1088]
2015-08-27 12:16:09 Warning: Warning (2): array_keys() expects parameter 1 to be array, boolean given in [/home/thegreat/website_files/cake/libs/model/datasources/dbo_source.php, line 1953]
2015-08-27 12:17:18 Warning: Warning (2): Cannot modify header information - headers already sent by (output started at /home/thegreat/website_files/cake/libs/debugger.php:398) in [/home/thegreat/website_files/cake/libs/controller/controller.php, line 742]
2015-09-01 20:16:22 Warning: Warning (2): Cannot modify header information - headers already sent by (output started at /home/thegreat/website_files/cake/basics.php:110) in [/home/thegreat/website_files/app/views/layouts/admin.ctp, line 1]
2015-09-02 20:12:29 Warning: Warning (2): Cannot modify header information - headers already sent by (output started at /home/thegreat/website_files/cake/basics.php:110) in [/home/thegreat/website_files/app/views/layouts/admin.ctp, line 1]
2015-09-03 13:39:28 Warning: Warning (512): <span style="color:Red;text-align:left"><b>SQL Error:</b> 2006: MySQL server has gone away</span> in [/home/thegreat/website_files/cake/libs/model/datasources/dbo_source.php, line 684]
2015-09-03 13:39:28 Warning: Warning (2): Invalid argument supplied for foreach() in [/home/thegreat/website_files/cake/libs/model/datasources/dbo/dbo_mysql.php, line 127]
2015-09-03 13:39:28 Warning: Warning (2): Invalid argument supplied for foreach() in [/home/thegreat/website_files/app/models/category/category.php, line 65]
2015-09-03 13:39:28 Warning: Warning (2): Cannot modify header information - headers already sent by (output started at /home/thegreat/website_files/cake/libs/debugger.php:398) in [/home/thegreat/website_files/cake/libs/controller/controller.php, line 742]
2015-09-03 13:40:20 Warning: Warning (512): <span style="color:Red;text-align:left"><b>SQL Error:</b> 2006: MySQL server has gone away</span> in [/home/thegreat/website_files/cake/libs/model/datasources/dbo_source.php, line 684]
2015-09-03 13:40:20 Warning: Warning (2): Invalid argument supplied for foreach() in [/home/thegreat/website_files/cake/libs/model/datasources/dbo/dbo_mysql.php, line 127]
2015-09-03 13:40:21 Warning: Warning (2): Invalid argument supplied for foreach() in [/home/thegreat/website_files/app/models/category/category.php, line 65]
2015-09-03 13:40:21 Warning: Warning (2): Cannot modify header information - headers already sent by (output started at /home/thegreat/website_files/cake/libs/debugger.php:398) in [/home/thegreat/website_files/cake/libs/controller/controller.php, line 742]
2015-09-03 13:40:21 Warning: Warning (512): <span style="color:Red;text-align:left"><b>SQL Error:</b> 2006: MySQL server has gone away</span> in [/home/thegreat/website_files/cake/libs/model/datasources/dbo_source.php, line 684]
2015-09-03 13:40:21 Warning: Warning (2): Invalid argument supplied for foreach() in [/home/thegreat/website_files/cake/libs/model/datasources/dbo/dbo_mysql.php, line 127]
2015-09-03 13:40:21 Warning: Warning (2): Invalid argument supplied for foreach() in [/home/thegreat/website_files/app/models/category/category.php, line 65]
2015-09-03 13:40:21 Warning: Warning (2): Cannot modify header information - headers already sent by (output started at /home/thegreat/website_files/cake/libs/debugger.php:398) in [/home/thegreat/website_files/cake/libs/controller/controller.php, line 742]
2015-09-04 20:05:11 Warning: Warning (512): <span style="color:Red;text-align:left"><b>SQL Error:</b> 2006: MySQL server has gone away</span> in [/home/thegreat/website_files/cake/libs/model/datasources/dbo_source.php, line 684]
2015-09-04 20:05:11 Warning: Warning (2): Invalid argument supplied for foreach() in [/home/thegreat/website_files/cake/libs/model/datasources/dbo/dbo_mysql.php, line 127]
2015-09-04 20:05:11 Warning: Warning (2): Invalid argument supplied for foreach() in [/home/thegreat/website_files/app/models/category/category.php, line 65]
2015-09-04 20:05:11 Warning: Warning (2): Cannot modify header information - headers already sent by (output started at /home/thegreat/website_files/cake/libs/debugger.php:398) in [/home/thegreat/website_files/cake/libs/controller/controller.php, line 742]
2015-09-04 21:44:17 Warning: Warning (2): Cannot modify header information - headers already sent by (output started at /home/thegreat/website_files/cake/basics.php:110) in [/home/thegreat/website_files/app/views/layouts/admin.ctp, line 1]
2015-09-05 00:20:42 Warning: Warning (2): Cannot modify header information - headers already sent by (output started at /home/thegreat/website_files/cake/basics.php:110) in [/home/thegreat/website_files/app/views/layouts/admin.ctp, line 1]
2015-09-05 00:33:18 Warning: Warning (2): Cannot modify header information - headers already sent by (output started at /home/thegreat/website_files/cake/basics.php:110) in [/home/thegreat/website_files/app/views/layouts/admin.ctp, line 1]
